<?xml version="1.0" encoding="UTF-8"?><testsuite errors="1" failures="0" name="Llenar el formulario de registro de vehiculo moto" skipped="0" tests="1" time="12.83" timestamp="2025-05-30 08:23:14"><testcase name="llenar formulario de registro moto"><error message="element click intercepted: Element is not clickable at point (634, 721)&#10;  (Session info: chrome=136.0.7103.114)&#10;Build info: version: '3.141.59', revision: 'e82be7d358', time: '2018-11-14T08:17:03'&#10;System info: host: 'LBOG0551', ip: '192.168.20.74', os.name: 'Windows 10', os.arch: 'amd64', os.version: '10.0', java.version: '15.0.1'&#10;Driver info: org.openqa.selenium.chrome.ChromeDriver&#10;Capabilities {acceptInsecureCerts: false, browserName: chrome, browserVersion: 136.0.7103.114, chrome: {chromedriverVersion: 136.0.7103.94 (fa0be0b33deb..., userDataDir: C:\Users\DIEGO~1.GAR\AppDat...}, fedcm:accounts: true, goog:chromeOptions: {debuggerAddress: localhost:55148}, javascriptEnabled: true, networkConnectionEnabled: false, pageLoadStrategy: normal, platform: WINDOWS, platformName: WINDOWS, proxy: Proxy(), setWindowRect: true, strictFileInteractability: false, timeouts: {implicit: 0, pageLoad: 300000, script: 30000}, unhandledPromptBehavior: ignore, webauthn:extension:credBlob: true, webauthn:extension:largeBlob: true, webauthn:extension:minPinLength: true, webauthn:extension:prf: true, webauthn:virtualAuthenticators: true}&#10;Session ID: 97e69caf070227ebfb3ccdaee6d45aa9" type="org.openqa.selenium.ElementClickInterceptedException">element click intercepted: Element is not clickable at point (634, 721)
  (Session info: chrome=136.0.7103.114)
Build info: version: '3.141.59', revision: 'e82be7d358', time: '2018-11-14T08:17:03'
System info: host: 'LBOG0551', ip: '192.168.20.74', os.name: 'Windows 10', os.arch: 'amd64', os.version: '10.0', java.version: '15.0.1'
Driver info: org.openqa.selenium.chrome.ChromeDriver
Capabilities {acceptInsecureCerts: false, browserName: chrome, browserVersion: 136.0.7103.114, chrome: {chromedriverVersion: 136.0.7103.94 (fa0be0b33deb..., userDataDir: C:\Users\DIEGO~1.GAR\AppDat...}, fedcm:accounts: true, goog:chromeOptions: {debuggerAddress: localhost:55148}, javascriptEnabled: true, networkConnectionEnabled: false, pageLoadStrategy: normal, platform: WINDOWS, platformName: WINDOWS, proxy: Proxy(), setWindowRect: true, strictFileInteractability: false, timeouts: {implicit: 0, pageLoad: 300000, script: 30000}, unhandledPromptBehavior: ignore, webauthn:extension:credBlob: true, webauthn:extension:largeBlob: true, webauthn:extension:minPinLength: true, webauthn:extension:prf: true, webauthn:virtualAuthenticators: true}
Session ID: 97e69caf070227ebfb3ccdaee6d45aa9</error><system-err>element click intercepted: Element is not clickable at point (634, 721)
  (Session info: chrome=136.0.7103.114)
Build info: version: '3.141.59', revision: 'e82be7d358', time: '2018-11-14T08:17:03'
System info: host: 'LBOG0551', ip: '192.168.20.74', os.name: 'Windows 10', os.arch: 'amd64', os.version: '10.0', java.version: '15.0.1'
Driver info: org.openqa.selenium.chrome.ChromeDriver
Capabilities {acceptInsecureCerts: false, browserName: chrome, browserVersion: 136.0.7103.114, chrome: {chromedriverVersion: 136.0.7103.94 (fa0be0b33deb..., userDataDir: C:\Users\DIEGO~1.GAR\AppDat...}, fedcm:accounts: true, goog:chromeOptions: {debuggerAddress: localhost:55148}, javascriptEnabled: true, networkConnectionEnabled: false, pageLoadStrategy: normal, platform: WINDOWS, platformName: WINDOWS, proxy: Proxy(), setWindowRect: true, strictFileInteractability: false, timeouts: {implicit: 0, pageLoad: 300000, script: 30000}, unhandledPromptBehavior: ignore, webauthn:extension:credBlob: true, webauthn:extension:largeBlob: true, webauthn:extension:minPinLength: true, webauthn:extension:prf: true, webauthn:virtualAuthenticators: true}
Session ID: 97e69caf070227ebfb3ccdaee6d45aa9&#13;
co.com.AutomatizacionParkeatecPage.tasks.RegistroMoto.performAs(RegistroMoto.java:48)&#13;
co.com.AutomatizacionParkeatecPage.stepsdefinitions.RegistroMotoParkeatecStepDefinition.ingreseLaInformacionSolicitadaEnElFormulario(RegistroMotoParkeatecStepDefinition.java:16)&#13;
cucumber.runner.Runner.runPickle(Runner.java:80)&#13;
worker.org.gradle.process.internal.worker.GradleWorkerMain.run(GradleWorkerMain.java:69)&#13;
worker.org.gradle.process.internal.worker.GradleWorkerMain.main(GradleWorkerMain.java:74)&#13;
</system-err></testcase></testsuite>