<?xml version="1.0" encoding="UTF-8"?><testsuite errors="1" failures="0" name="registro de vehiculo en la pagina de Parkeatec" skipped="0" tests="1" time="15.92" timestamp="2025-07-08 07:53:25"><testcase name="registrar de manera exitosa la informacion en la pagina de Parkeatec"><error message="unexpected alert open: {Alert text : no se pudo hacer el registro}&#10;  (Session info: chrome=138.0.7204.97): no se pudo hacer el registro&#10;Build info: version: '3.141.59', revision: 'e82be7d358', time: '2018-11-14T08:17:03'&#10;System info: host: 'COMPUGHOST-D4K7', ip: '192.168.20.16', os.name: 'Windows 10', os.arch: 'amd64', os.version: '10.0', java.version: '15.0.1'&#10;Driver info: org.openqa.selenium.chrome.ChromeDriver&#10;Capabilities {acceptInsecureCerts: false, browserName: chrome, browserVersion: 138.0.7204.97, chrome: {chromedriverVersion: 138.0.7204.2 (38bf96e18636e..., userDataDir: C:\Users\User\AppData\Local...}, fedcm:accounts: true, goog:chromeOptions: {debuggerAddress: localhost:56566}, javascriptEnabled: true, networkConnectionEnabled: false, pageLoadStrategy: normal, platform: WINDOWS, platformName: WINDOWS, proxy: Proxy(), setWindowRect: true, strictFileInteractability: false, timeouts: {implicit: 0, pageLoad: 300000, script: 30000}, unhandledPromptBehavior: ignore, webauthn:extension:credBlob: true, webauthn:extension:largeBlob: true, webauthn:extension:minPinLength: true, webauthn:extension:prf: true, webauthn:virtualAuthenticators: true}&#10;Session ID: e9c5190cbbd57a2d55a13ec1ed96d781&#10;*** Element info: {Using=xpath, value=/html/body/div[3]/div/div/div[2]/button}" type="org.openqa.selenium.UnhandledAlertException">unexpected alert open: {Alert text : no se pudo hacer el registro}
  (Session info: chrome=138.0.7204.97): no se pudo hacer el registro
Build info: version: '3.141.59', revision: 'e82be7d358', time: '2018-11-14T08:17:03'
System info: host: 'COMPUGHOST-D4K7', ip: '192.168.20.16', os.name: 'Windows 10', os.arch: 'amd64', os.version: '10.0', java.version: '15.0.1'
Driver info: org.openqa.selenium.chrome.ChromeDriver
Capabilities {acceptInsecureCerts: false, browserName: chrome, browserVersion: 138.0.7204.97, chrome: {chromedriverVersion: 138.0.7204.2 (38bf96e18636e..., userDataDir: C:\Users\User\AppData\Local...}, fedcm:accounts: true, goog:chromeOptions: {debuggerAddress: localhost:56566}, javascriptEnabled: true, networkConnectionEnabled: false, pageLoadStrategy: normal, platform: WINDOWS, platformName: WINDOWS, proxy: Proxy(), setWindowRect: true, strictFileInteractability: false, timeouts: {implicit: 0, pageLoad: 300000, script: 30000}, unhandledPromptBehavior: ignore, webauthn:extension:credBlob: true, webauthn:extension:largeBlob: true, webauthn:extension:minPinLength: true, webauthn:extension:prf: true, webauthn:virtualAuthenticators: true}
Session ID: e9c5190cbbd57a2d55a13ec1ed96d781
*** Element info: {Using=xpath, value=/html/body/div[3]/div/div/div[2]/button}</error><system-err>unexpected alert open: {Alert text : no se pudo hacer el registro}
  (Session info: chrome=138.0.7204.97): no se pudo hacer el registro
Build info: version: '3.141.59', revision: 'e82be7d358', time: '2018-11-14T08:17:03'
System info: host: 'COMPUGHOST-D4K7', ip: '192.168.20.16', os.name: 'Windows 10', os.arch: 'amd64', os.version: '10.0', java.version: '15.0.1'
Driver info: org.openqa.selenium.chrome.ChromeDriver
Capabilities {acceptInsecureCerts: false, browserName: chrome, browserVersion: 138.0.7204.97, chrome: {chromedriverVersion: 138.0.7204.2 (38bf96e18636e..., userDataDir: C:\Users\User\AppData\Local...}, fedcm:accounts: true, goog:chromeOptions: {debuggerAddress: localhost:56566}, javascriptEnabled: true, networkConnectionEnabled: false, pageLoadStrategy: normal, platform: WINDOWS, platformName: WINDOWS, proxy: Proxy(), setWindowRect: true, strictFileInteractability: false, timeouts: {implicit: 0, pageLoad: 300000, script: 30000}, unhandledPromptBehavior: ignore, webauthn:extension:credBlob: true, webauthn:extension:largeBlob: true, webauthn:extension:minPinLength: true, webauthn:extension:prf: true, webauthn:virtualAuthenticators: true}
Session ID: e9c5190cbbd57a2d55a13ec1ed96d781
*** Element info: {Using=xpath, value=/html/body/div[3]/div/div/div[2]/button}&#13;
co.com.AutomatizacionParkeatecPage.tasks.RegistroBicicleta.performAs(RegistroBicicleta.java:41)&#13;
co.com.AutomatizacionParkeatecPage.stepsdefinitions.RegistroBicicletaParkeatecStepDefinitions.ingreseAlApartadoDeFormularioYSeleccioneLlenarFormulario(RegistroBicicletaParkeatecStepDefinitions.java:19)&#13;
cucumber.runner.Runner.runPickle(Runner.java:80)&#13;
worker.org.gradle.process.internal.worker.GradleWorkerMain.run(GradleWorkerMain.java:69)&#13;
worker.org.gradle.process.internal.worker.GradleWorkerMain.main(GradleWorkerMain.java:74)&#13;
</system-err></testcase></testsuite>