<?xml version="1.0" encoding="UTF-8"?><testsuite errors="0" failures="1" name="ver los espacios de parqueadero en la pagina de Parkeatec" skipped="0" tests="1" time="8.66" timestamp="2025-06-03 12:33:08"><testcase name="visualizar exitosamente los espacios del parqueadero"><failure message="Expected validacion espacios&#13;&#10;Expected: is &lt;true&gt;&#13;&#10;     but: was &lt;false&gt;" type="java.lang.AssertionError">Expected validacion espacios&#13;
Expected: is &lt;true&gt;&#13;
     but: was &lt;false&gt;</failure><system-err>Expected validacion espacios&#13;
Expected: is &lt;true&gt;&#13;
     but: was &lt;false&gt;&#13;
co.com.AutomatizacionParkeatecPage.stepsdefinitions.VerEspaciosParkeatecStepsDefinitions.seDebeVisualizarTodosLosEspaciosOcupadosODisponiblesDelParqueadero(VerEspaciosParkeatecStepsDefinitions.java:21)&#13;
✽.se debe visualizar todos los espacios ocupados o disponibles del parqueadero(src/test/resources/features/verEspacios_parkeatec.feature:19)&#13;
</system-err></testcase></testsuite>