<?xml version="1.0" encoding="UTF-8"?><testsuite errors="1" failures="0" name="Ver las reservas que el usuario tiene activas o ha realizado" skipped="0" tests="1" time="13.58" timestamp="2025-05-29 03:03:57"><testcase name="Mostrar la reserva activa y las reservas realizadas por el usuario"><error message="element click intercepted: Element &lt;a aria-expanded=&quot;false&quot; role=&quot;button&quot; class=&quot;dropdown-toggle nav-link&quot; tabindex=&quot;0&quot; href=&quot;#&quot;&gt;...&lt;/a&gt; is not clickable at point (1107, 18). Other element would receive the click: &lt;div class=&quot;header_container__HaR1N container&quot;&gt;...&lt;/div&gt;&#10;  (Session info: chrome=136.0.7103.114)&#10;Build info: version: '3.141.59', revision: 'e82be7d358', time: '2018-11-14T08:17:03'&#10;System info: host: 'LBOG0551', ip: '192.168.20.74', os.name: 'Windows 10', os.arch: 'amd64', os.version: '10.0', java.version: '15.0.1'&#10;Driver info: org.openqa.selenium.chrome.ChromeDriver&#10;Capabilities {acceptInsecureCerts: false, browserName: chrome, browserVersion: 136.0.7103.114, chrome: {chromedriverVersion: 136.0.7103.94 (fa0be0b33deb..., userDataDir: C:\Users\DIEGO~1.GAR\AppDat...}, fedcm:accounts: true, goog:chromeOptions: {debuggerAddress: localhost:57156}, javascriptEnabled: true, networkConnectionEnabled: false, pageLoadStrategy: normal, platform: WINDOWS, platformName: WINDOWS, proxy: Proxy(), setWindowRect: true, strictFileInteractability: false, timeouts: {implicit: 0, pageLoad: 300000, script: 30000}, unhandledPromptBehavior: ignore, webauthn:extension:credBlob: true, webauthn:extension:largeBlob: true, webauthn:extension:minPinLength: true, webauthn:extension:prf: true, webauthn:virtualAuthenticators: true}&#10;Session ID: 350c7adbde35f527d6e2a764eb8a36a2" type="org.openqa.selenium.ElementClickInterceptedException">element click intercepted: Element &lt;a aria-expanded="false" role="button" class="dropdown-toggle nav-link" tabindex="0" href="#"&gt;...&lt;/a&gt; is not clickable at point (1107, 18). Other element would receive the click: &lt;div class="header_container__HaR1N container"&gt;...&lt;/div&gt;
  (Session info: chrome=136.0.7103.114)
Build info: version: '3.141.59', revision: 'e82be7d358', time: '2018-11-14T08:17:03'
System info: host: 'LBOG0551', ip: '192.168.20.74', os.name: 'Windows 10', os.arch: 'amd64', os.version: '10.0', java.version: '15.0.1'
Driver info: org.openqa.selenium.chrome.ChromeDriver
Capabilities {acceptInsecureCerts: false, browserName: chrome, browserVersion: 136.0.7103.114, chrome: {chromedriverVersion: 136.0.7103.94 (fa0be0b33deb..., userDataDir: C:\Users\DIEGO~1.GAR\AppDat...}, fedcm:accounts: true, goog:chromeOptions: {debuggerAddress: localhost:57156}, javascriptEnabled: true, networkConnectionEnabled: false, pageLoadStrategy: normal, platform: WINDOWS, platformName: WINDOWS, proxy: Proxy(), setWindowRect: true, strictFileInteractability: false, timeouts: {implicit: 0, pageLoad: 300000, script: 30000}, unhandledPromptBehavior: ignore, webauthn:extension:credBlob: true, webauthn:extension:largeBlob: true, webauthn:extension:minPinLength: true, webauthn:extension:prf: true, webauthn:virtualAuthenticators: true}
Session ID: 350c7adbde35f527d6e2a764eb8a36a2</error><system-err>element click intercepted: Element &lt;a aria-expanded="false" role="button" class="dropdown-toggle nav-link" tabindex="0" href="#"&gt;...&lt;/a&gt; is not clickable at point (1107, 18). Other element would receive the click: &lt;div class="header_container__HaR1N container"&gt;...&lt;/div&gt;
  (Session info: chrome=136.0.7103.114)
Build info: version: '3.141.59', revision: 'e82be7d358', time: '2018-11-14T08:17:03'
System info: host: 'LBOG0551', ip: '192.168.20.74', os.name: 'Windows 10', os.arch: 'amd64', os.version: '10.0', java.version: '15.0.1'
Driver info: org.openqa.selenium.chrome.ChromeDriver
Capabilities {acceptInsecureCerts: false, browserName: chrome, browserVersion: 136.0.7103.114, chrome: {chromedriverVersion: 136.0.7103.94 (fa0be0b33deb..., userDataDir: C:\Users\DIEGO~1.GAR\AppDat...}, fedcm:accounts: true, goog:chromeOptions: {debuggerAddress: localhost:57156}, javascriptEnabled: true, networkConnectionEnabled: false, pageLoadStrategy: normal, platform: WINDOWS, platformName: WINDOWS, proxy: Proxy(), setWindowRect: true, strictFileInteractability: false, timeouts: {implicit: 0, pageLoad: 300000, script: 30000}, unhandledPromptBehavior: ignore, webauthn:extension:credBlob: true, webauthn:extension:largeBlob: true, webauthn:extension:minPinLength: true, webauthn:extension:prf: true, webauthn:virtualAuthenticators: true}
Session ID: 350c7adbde35f527d6e2a764eb8a36a2&#13;
co.com.AutomatizacionParkeatecPage.tasks.MisReservas.performAs(MisReservas.java:22)&#13;
co.com.AutomatizacionParkeatecPage.stepsdefinitions.VerReservasParkeatecStepsDefinitions.ingreseAlApartadoDeMisReservas(VerReservasParkeatecStepsDefinitions.java:14)&#13;
cucumber.runner.Runner.runPickle(Runner.java:80)&#13;
worker.org.gradle.process.internal.worker.GradleWorkerMain.run(GradleWorkerMain.java:69)&#13;
worker.org.gradle.process.internal.worker.GradleWorkerMain.main(GradleWorkerMain.java:74)&#13;
</system-err></testcase></testsuite>