<?xml version="1.0" encoding="UTF-8"?>
<testsuite name="co.com.AutomatizacionParkeatecPage.runners.RegistroParkeatecRunner" tests="0" skipped="0" failures="0" errors="0" timestamp="1970-01-01T00:00:00" hostname="LBOG0551" time="0.0">
  <properties/>
  <system-out><![CDATA[Característica: registro en la pagina de Parkeatec
  Como usuario de Parkeatec
  Quiero registrarme en la pagina de Parkeatec
  Para tener una cuenta verificada y poder acceder a la pagina

  @registro
  Esquema del escenario: registrar de manera exitosa la informacion en la pagina de Parkeatec ?[90m# src/test/resources/features/registro_parkeatec.feature:11?[0m
    ?[36mDado que el usuario se encuentra en la pagina de registro de Parkeatec?[0m
    ?[36mCuando ingrese la informacion del formulario correctamente?[0m
    ?[36mEntonces se debe verificar que la informacion del usuario haya sido registrada correctamente y redirigido a su pagina de inicio.?[0m

    Ejemplos: 

  @registro
  Esquema del escenario: registrar de manera exitosa la informacion en la pagina de Parkeatec                                        ?[90m# src/test/resources/features/registro_parkeatec.feature:20?[0m

1 Scenarios (?[32m1 passed?[0m)
3 Steps (?[32m3 passed?[0m)
0m26,031s

]]></system-out>
  <system-err><![CDATA[[Test worker] INFO net.thucydides.core.steps.ConsoleLoggingListener - 

-------------------------------------------------------------------------------------
     _______. _______ .______       _______ .__   __.  __  .___________.____    ____ 
    /       ||   ____||   _  \     |   ____||  \ |  | |  | |           |\   \  /   / 
   |   (----`|  |__   |  |_)  |    |  |__   |   \|  | |  | `---|  |----` \   \/   /  
    \   \    |   __|  |      /     |   __|  |  . `  | |  |     |  |       \_    _/   
.----)   |   |  |____ |  |\  \----.|  |____ |  |\   | |  |     |  |         |  |     
|_______/    |_______|| _| `._____||_______||__| \__| |__|     |__|         |__|    
                                                                                     
 News and tutorials at http://www.serenity-bdd.info                                  
 Documentation at https://wakaleo.gitbooks.io/the-serenity-book/content/             
 Join the Serenity Community on Rocket Chat at https://serenity-bdd.rocket.chat      
 Serenity BDD Support and Training at http://serenity-bdd.info/#/trainingandsupport  
 Learn Serenity BDD online at http://serenity-dojo.com                               
-------------------------------------------------------------------------------------

[Test worker] INFO net.thucydides.core.steps.ConsoleLoggingListener - Test Suite Started: registro en la pagina de Parkeatec
[Test worker] INFO net.thucydides.core.steps.ConsoleLoggingListener - 
 _____ _____ ____ _____   ____ _____  _    ____ _____ _____ ____  
|_   _| ____/ ___|_   _| / ___|_   _|/ \  |  _ \_   _| ____|  _ \ 
  | | |  _| \___ \ | |   \___ \ | | / _ \ | |_) || | |  _| | | | |
  | | | |___ ___) || |    ___) || |/ ___ \|  _ < | | | |___| |_| |
  |_| |_____|____/ |_|   |____/ |_/_/   \_\_| \_\|_| |_____|____/ 
                                                                  

TEST STARTED: registrar de manera exitosa la informacion en la pagina de Parkeatec
-------------------------------------------------------------------(registro-en-la-pagina-de-parkeatec;registrar-de-manera-exitosa-la-informacion-en-la-pagina-de-parkeatec)
[pool-2-thread-1] INFO net.thucydides.core.requirements.PackageRequirementsTagProvider - Loading requirements from package requirements at: net.thucydides.showcase.cucumber.junit
log4j:WARN No appenders could be found for logger (freemarker.cache).
log4j:WARN Please initialize the log4j system properly.
log4j:WARN See http://logging.apache.org/log4j/1.2/faq.html#noconfig for more info.
]]></system-err>
</testsuite>
