<?xml version="1.0" encoding="UTF-8"?>
<testsuite name="co.com.AutomatizacionParkeatecPage.runners.AgregarUsuarioParkeatecRunner" tests="0" skipped="0" failures="0" errors="0" timestamp="1970-01-01T00:00:00" hostname="COMPUGHOST-D4K7" time="0.0">
  <properties/>
  <system-out><![CDATA[Característica: Realizar el registro de un usuario
  Como administrador de parkeatec
  Quiero hacer el registro de varios usuarios
  Para que puedan hacer diferentes funciones dentro de la pagina

  @agregarUsuario
  Esquema del escenario: Hacer el registro de nuevos usuarios ?[90m# src/test/resources/features/agregarUsuario_parkeatec.feature:17?[0m
    ?[36mCuando ingrese al apartdo de ver usuarios y llene el formulario de crear usuario?[0m
    ?[36mEntonces se debe registrar la informacion del usuario y visualizarse en la tabla de usuarios?[0m

    Ejemplos: 

  Antecedentes:                                                      ?[90m# src/test/resources/features/agregarUsuario_parkeatec.feature:9?[0m

?[31mFailed scenarios:?[0m
?[31msrc/test/resources/features/agregarUsuario_parkeatec.feature:25 ?[0m# Hacer el registro de nuevos usuarios

1 Scenarios (?[31m1 failed?[0m)
4 Steps (?[31m1 failed?[0m, ?[36m1 skipped?[0m, ?[32m2 passed?[0m)
0m6,629s

java.lang.NullPointerException: Cannot invoke "Object.getClass()" because "target" is null
	at net.serenitybdd.core.injectors.EnvironmentDependencyInjector.matchingFieldsIn(EnvironmentDependencyInjector.java:88)
	at net.serenitybdd.core.injectors.EnvironmentDependencyInjector.injectDependenciesInto(EnvironmentDependencyInjector.java:32)
	at net.thucydides.core.steps.PageObjectDependencyInjector.injectDependenciesInto(PageObjectDependencyInjector.java:28)
	at net.thucydides.core.steps.StepFactory.injectOtherDependenciesInto(StepFactory.java:181)
	at net.thucydides.core.steps.StepFactory.instantiateUniqueStepLibraryFor(StepFactory.java:198)
	at net.thucydides.core.steps.StepFactory.getUniqueStepLibraryFor(StepFactory.java:130)
	at net.serenitybdd.core.steps.Instrumented$InstrumentedBuilder.newInstance(Instrumented.java:30)
	at net.serenitybdd.core.steps.Instrumented$InstrumentedBuilder.withProperties(Instrumented.java:34)
	at co.com.AutomatizacionParkeatecPage.tasks.AgregarUsuario.aute(AgregarUsuario.java:32)
	at co.com.AutomatizacionParkeatecPage.stepsdefinitions.AgregarUsuarioParkeatecStepDefinitions.ingreseAlApartdoDeVerUsuariosYLleneElFormularioDeCrearUsuario(AgregarUsuarioParkeatecStepDefinitions.java:19)
	at ?.ingrese al apartdo de ver usuarios y llene el formulario de crear usuario(src/test/resources/features/agregarUsuario_parkeatec.feature:18)

]]></system-out>
  <system-err><![CDATA[[Test worker] INFO net.thucydides.core.steps.ConsoleLoggingListener - 

-------------------------------------------------------------------------------------
     _______. _______ .______       _______ .__   __.  __  .___________.____    ____ 
    /       ||   ____||   _  \     |   ____||  \ |  | |  | |           |\   \  /   / 
   |   (----`|  |__   |  |_)  |    |  |__   |   \|  | |  | `---|  |----` \   \/   /  
    \   \    |   __|  |      /     |   __|  |  . `  | |  |     |  |       \_    _/   
.----)   |   |  |____ |  |\  \----.|  |____ |  |\   | |  |     |  |         |  |     
|_______/    |_______|| _| `._____||_______||__| \__| |__|     |__|         |__|    
                                                                                     
 News and tutorials at http://www.serenity-bdd.info                                  
 Documentation at https://wakaleo.gitbooks.io/the-serenity-book/content/             
 Join the Serenity Community on Rocket Chat at https://serenity-bdd.rocket.chat      
 Serenity BDD Support and Training at http://serenity-bdd.info/#/trainingandsupport  
 Learn Serenity BDD online at http://serenity-dojo.com                               
-------------------------------------------------------------------------------------

[Test worker] INFO net.thucydides.core.steps.ConsoleLoggingListener - Test Suite Started: Realizar el registro de un usuario
[Test worker] INFO net.thucydides.core.steps.ConsoleLoggingListener - 
 _____ _____ ____ _____   ____ _____  _    ____ _____ _____ ____  
|_   _| ____/ ___|_   _| / ___|_   _|/ \  |  _ \_   _| ____|  _ \ 
  | | |  _| \___ \ | |   \___ \ | | / _ \ | |_) || | |  _| | | | |
  | | | |___ ___) || |    ___) || |/ ___ \|  _ < | | | |___| |_| |
  |_| |_____|____/ |_|   |____/ |_/_/   \_\_| \_\|_| |_____|____/ 
                                                                  

TEST STARTED: Hacer el registro de nuevos usuarios
-------------------------------------------------------------------(realizar-el-registro-de-un-usuario;hacer-el-registro-de-nuevos-usuarios)
[pool-2-thread-1] INFO net.thucydides.core.requirements.PackageRequirementsTagProvider - Loading requirements from package requirements at: net.thucydides.showcase.cucumber.junit
log4j:WARN No appenders could be found for logger (freemarker.cache).
log4j:WARN Please initialize the log4j system properly.
log4j:WARN See http://logging.apache.org/log4j/1.2/faq.html#noconfig for more info.
]]></system-err>
</testsuite>
